#
# There is insufficient memory for the Java Runtime Environment to continue.
# Native memory allocation (malloc) failed to allocate 32744 bytes for ChunkPool::allocate
# Possible reasons:
#   The system is out of physical RAM or swap space
#   In 32 bit mode, the process size limit was hit
# Possible solutions:
#   Reduce memory load on the system
#   Increase physical memory or swap space
#   Check if swap backing store is full
#   Use 64 bit Java on a 64 bit OS
#   Decrease Java heap size (-Xmx/-Xms)
#   Decrease number of Java threads
#   Decrease Java thread stack sizes (-Xss)
#   Set larger code cache with -XX:ReservedCodeCacheSize=
# This output file may be truncated or incomplete.
#
#  Out of Memory Error (allocation.cpp:273), pid=13024, tid=13440
#
# JRE version: Java(TM) SE Runtime Environment (8.0_91-b14) (build 1.8.0_91-b14)
# Java VM: Java HotSpot(TM) 64-Bit Server VM (25.91-b14 mixed mode windows-amd64 compressed oops)
# Failed to write core dump. Minidumps are not enabled by default on client versions of Windows
#

---------------  T H R E A D  ---------------

Current thread (0x00000000149c9800):  JavaThread "C2 CompilerThread0" daemon [_thread_in_native, id=13440, stack(0x0000000015900000,0x0000000015a00000)]

Stack: [0x0000000015900000,0x0000000015a00000]
[error occurred during error reporting (printing stack bounds), id 0xc0000005]

Native frames: (J=compiled Java code, j=interpreted, Vv=VM code, C=native code)


Current CompileTask:
C2: 288873 1028       4       java.util.concurrent.locks.AbstractQueuedSynchronizer$ConditionObject::awaitNanos (156 bytes)


---------------  P R O C E S S  ---------------

Java Threads: ( => current thread )
  0x0000000016084800 JavaThread "D3D Screen Updater" daemon [_thread_blocked, id=13608, stack(0x0000000018ed0000,0x0000000018fd0000)]
  0x0000000002930800 JavaThread "DestroyJavaVM" [_thread_blocked, id=13172, stack(0x0000000002780000,0x0000000002880000)]
  0x0000000016031000 JavaThread "AWT-EventQueue-0" [_thread_blocked, id=12736, stack(0x0000000018dd0000,0x0000000018ed0000)]
  0x000000001602a000 JavaThread "TimerQueue" daemon [_thread_blocked, id=13328, stack(0x0000000018cd0000,0x0000000018dd0000)]
  0x0000000015ffc000 JavaThread "AWT-Windows" daemon [_thread_in_native, id=11276, stack(0x0000000016840000,0x0000000016940000)]
  0x0000000015ffa800 JavaThread "AWT-Shutdown" [_thread_blocked, id=13572, stack(0x0000000016740000,0x0000000016840000)]
  0x0000000015ff9800 JavaThread "Java2D Disposer" daemon [_thread_blocked, id=13920, stack(0x0000000016640000,0x0000000016740000)]
  0x0000000014a2a800 JavaThread "Service Thread" daemon [_thread_blocked, id=14084, stack(0x0000000015b00000,0x0000000015c00000)]
  0x0000000014a24000 JavaThread "C1 CompilerThread1" daemon [_thread_blocked, id=13712, stack(0x0000000015a00000,0x0000000015b00000)]
=>0x00000000149c9800 JavaThread "C2 CompilerThread0" daemon [_thread_in_native, id=13440, stack(0x0000000015900000,0x0000000015a00000)]
  0x00000000149c8000 JavaThread "Attach Listener" daemon [_thread_blocked, id=13800, stack(0x0000000015800000,0x0000000015900000)]
  0x0000000002a2e800 JavaThread "Signal Dispatcher" daemon [_thread_blocked, id=8548, stack(0x0000000015700000,0x0000000015800000)]
  0x00000000149b8800 JavaThread "Finalizer" daemon [_thread_blocked, id=12708, stack(0x0000000015600000,0x0000000015700000)]
  0x0000000002a1d000 JavaThread "Reference Handler" daemon [_thread_blocked, id=14296, stack(0x0000000015500000,0x0000000015600000)]

Other Threads:
  0x0000000014997000 VMThread [stack: 0x0000000015400000,0x0000000015500000] [id=13020]
  0x0000000014a47800 WatcherThread [stack: 0x0000000015c00000,0x0000000015d00000] [id=10428]

VM state:not at safepoint (normal execution)

VM Mutex/Monitor currently owned by a thread: None

Heap:
 PSYoungGen      total 16896K, used 6332K [0x00000000ed780000, 0x00000000eea00000, 0x0000000100000000)
  eden space 14848K, 28% used [0x00000000ed780000,0x00000000edbaf0c0,0x00000000ee600000)
  from space 2048K, 100% used [0x00000000ee600000,0x00000000ee800000,0x00000000ee800000)
  to   space 2048K, 0% used [0x00000000ee800000,0x00000000ee800000,0x00000000eea00000)
 ParOldGen       total 38400K, used 752K [0x00000000c8600000, 0x00000000cab80000, 0x00000000ed780000)
  object space 38400K, 1% used [0x00000000c8600000,0x00000000c86bc0e0,0x00000000cab80000)
 Metaspace       used 8856K, capacity 9022K, committed 9088K, reserved 1056768K
  class space    used 1065K, capacity 1125K, committed 1152K, reserved 1048576K

Card table byte_map: [0x0000000011df0000,0x0000000011fb0000] byte_map_base: 0x00000000117ad000

Marking Bits: (ParMarkBitMap*) 0x0000000074732f70
 Begin Bits: [0x00000000122e0000, 0x00000000130c8000)
 End Bits:   [0x00000000130c8000, 0x0000000013eb0000)

Polling page: 0x0000000000db0000

CodeCache: size=245760Kb used=3471Kb max_used=3483Kb free=242288Kb
 bounds [0x0000000002a30000, 0x0000000002da0000, 0x0000000011a30000]
 total_blobs=1464 nmethods=1027 adapters=351
 compilation: enabled

Compilation events (10 events):
Event: 257.097 Thread 0x00000000149c9800 nmethod 1023 0x0000000002d8dfd0 code [0x0000000002d8e160, 0x0000000002d8e5f0]
Event: 267.658 Thread 0x00000000149c9800 1024       4       javax.swing.TimerQueue$DelayedTimer::compareTo (101 bytes)
Event: 267.661 Thread 0x00000000149c9800 nmethod 1024 0x0000000002d8dc90 code [0x0000000002d8dde0, 0x0000000002d8ded8]
Event: 267.662 Thread 0x00000000149c9800 1025       4       javax.swing.TimerQueue$DelayedTimer::compareTo (9 bytes)
Event: 267.665 Thread 0x00000000149c9800 nmethod 1025 0x0000000002d8d910 code [0x0000000002d8da60, 0x0000000002d8db58]
Event: 273.260 Thread 0x00000000149c9800 1026       4       java.awt.EventQueue::eventToCacheIndex (80 bytes)
Event: 273.263 Thread 0x00000000149c9800 nmethod 1026 0x0000000002d8d650 code [0x0000000002d8d7a0, 0x0000000002d8d858]
Event: 284.742 Thread 0x00000000149c9800 1027       4       java.util.concurrent.locks.AbstractQueuedSynchronizer::transferForSignal (45 bytes)
Event: 284.750 Thread 0x00000000149c9800 nmethod 1027 0x0000000002d895d0 code [0x0000000002d89720, 0x0000000002d89898]
Event: 288.172 Thread 0x00000000149c9800 1028       4       java.util.concurrent.locks.AbstractQueuedSynchronizer$ConditionObject::awaitNanos (156 bytes)

GC Heap History (2 events):
Event: 4.639 GC heap before
{Heap before GC invocations=1 (full 0):
 PSYoungGen      total 16896K, used 14848K [0x00000000ed780000, 0x00000000eea00000, 0x0000000100000000)
  eden space 14848K, 100% used [0x00000000ed780000,0x00000000ee600000,0x00000000ee600000)
  from space 2048K, 0% used [0x00000000ee800000,0x00000000ee800000,0x00000000eea00000)
  to   space 2048K, 0% used [0x00000000ee600000,0x00000000ee600000,0x00000000ee800000)
 ParOldGen       total 38400K, used 0K [0x00000000c8600000, 0x00000000cab80000, 0x00000000ed780000)
  object space 38400K, 0% used [0x00000000c8600000,0x00000000c8600000,0x00000000cab80000)
 Metaspace       used 8308K, capacity 8534K, committed 8832K, reserved 1056768K
  class space    used 1021K, capacity 1093K, committed 1152K, reserved 1048576K
Event: 4.664 GC heap after
Heap after GC invocations=1 (full 0):
 PSYoungGen      total 16896K, used 2048K [0x00000000ed780000, 0x00000000eea00000, 0x0000000100000000)
  eden space 14848K, 0% used [0x00000000ed780000,0x00000000ed780000,0x00000000ee600000)
  from space 2048K, 100% used [0x00000000ee600000,0x00000000ee800000,0x00000000ee800000)
  to   space 2048K, 0% used [0x00000000ee800000,0x00000000ee800000,0x00000000eea00000)
 ParOldGen       total 38400K, used 752K [0x00000000c8600000, 0x00000000cab80000, 0x00000000ed780000)
  object space 38400K, 1% used [0x00000000c8600000,0x00000000c86bc0e0,0x00000000cab80000)
 Metaspace       used 8308K, capacity 8534K, committed 8832K, reserved 1056768K
  class space    used 1021K, capacity 1093K, committed 1152K, reserved 1048576K
}

Deoptimization events (7 events):
Event: 3.379 Thread 0x0000000016031000 Uncommon trap: reason=class_check action=maybe_recompile pc=0x0000000002bb441c method=java.lang.String.equals(Ljava/lang/Object;)Z @ 8
Event: 3.379 Thread 0x0000000016031000 Uncommon trap: reason=class_check action=maybe_recompile pc=0x0000000002bb441c method=java.lang.String.equals(Ljava/lang/Object;)Z @ 8
Event: 3.379 Thread 0x0000000016031000 Uncommon trap: reason=class_check action=maybe_recompile pc=0x0000000002bb441c method=java.lang.String.equals(Ljava/lang/Object;)Z @ 8
Event: 3.379 Thread 0x0000000016031000 Uncommon trap: reason=class_check action=maybe_recompile pc=0x0000000002bb441c method=java.lang.String.equals(Ljava/lang/Object;)Z @ 8
Event: 4.265 Thread 0x0000000016031000 Uncommon trap: reason=unstable_if action=reinterpret pc=0x0000000002cae954 method=java.lang.Character.isSurrogate(C)Z @ 3
Event: 4.266 Thread 0x0000000016031000 Uncommon trap: reason=unstable_if action=reinterpret pc=0x0000000002bf8c84 method=java.lang.String.toLowerCase(Ljava/util/Locale;)Ljava/lang/String; @ 37
Event: 4.266 Thread 0x0000000016031000 Uncommon trap: reason=unstable_if action=reinterpret pc=0x0000000002bf1780 method=java.lang.CharacterData.of(I)Ljava/lang/CharacterData; @ 4

Internal exceptions (10 events):
Event: 0.726 Thread 0x0000000002930800 Exception <a 'java/security/PrivilegedActionException'> (0x00000000ed80a810) thrown at [C:\re\workspace\8-2-build-windows-amd64-cygwin\jdk8u91\6644\hotspot\src\share\vm\prims\jvm.cpp, line 1386]
Event: 0.726 Thread 0x0000000002930800 Exception <a 'java/security/PrivilegedActionException'> (0x00000000ed80aa20) thrown at [C:\re\workspace\8-2-build-windows-amd64-cygwin\jdk8u91\6644\hotspot\src\share\vm\prims\jvm.cpp, line 1386]
Event: 0.737 Thread 0x0000000002930800 Exception <a 'java/security/PrivilegedActionException'> (0x00000000ed80e5c8) thrown at [C:\re\workspace\8-2-build-windows-amd64-cygwin\jdk8u91\6644\hotspot\src\share\vm\prims\jvm.cpp, line 1386]
Event: 0.737 Thread 0x0000000002930800 Exception <a 'java/security/PrivilegedActionException'> (0x00000000ed80e7d8) thrown at [C:\re\workspace\8-2-build-windows-amd64-cygwin\jdk8u91\6644\hotspot\src\share\vm\prims\jvm.cpp, line 1386]
Event: 0.785 Thread 0x0000000002930800 Exception <a 'java/io/FileNotFoundException'> (0x00000000ed85f550) thrown at [C:\re\workspace\8-2-build-windows-amd64-cygwin\jdk8u91\6644\hotspot\src\share\vm\prims\jni.cpp, line 709]
Event: 1.221 Thread 0x0000000002930800 Exception <a 'java/lang/NoSuchFieldError': method resolution failed> (0x00000000ed92d9c0) thrown at [C:\re\workspace\8-2-build-windows-amd64-cygwin\jdk8u91\6644\hotspot\src\share\vm\prims\methodHandles.cpp, line 1146]
Event: 1.301 Thread 0x0000000002930800 Exception <a 'java/lang/NoSuchFieldError': method resolution failed> (0x00000000ed93ad90) thrown at [C:\re\workspace\8-2-build-windows-amd64-cygwin\jdk8u91\6644\hotspot\src\share\vm\prims\methodHandles.cpp, line 1146]
Event: 1.814 Thread 0x0000000002930800 Exception <a 'java/io/FileNotFoundException'> (0x00000000ed9cfe98) thrown at [C:\re\workspace\8-2-build-windows-amd64-cygwin\jdk8u91\6644\hotspot\src\share\vm\prims\jni.cpp, line 709]
Event: 3.143 Thread 0x0000000016031000 Exception <a 'java/io/FileNotFoundException'> (0x00000000edcc5f30) thrown at [C:\re\workspace\8-2-build-windows-amd64-cygwin\jdk8u91\6644\hotspot\src\share\vm\prims\jni.cpp, line 709]
Event: 3.207 Thread 0x0000000016031000 Exception <a 'java/io/FileNotFoundException'> (0x00000000edd011a8) thrown at [C:\re\workspace\8-2-build-windows-amd64-cygwin\jdk8u91\6644\hotspot\src\share\vm\prims\jni.cpp, line 709]

Events (10 events):
Event: 10.865 loading class java/awt/event/MouseWheelEvent
Event: 10.866 loading class java/awt/event/MouseWheelEvent done
Event: 10.866 loading class java/awt/AWTEvent$2
Event: 10.866 loading class java/awt/AWTEvent$2 done
Event: 10.867 loading class sun/reflect/UnsafeBooleanFieldAccessorImpl
Event: 10.867 loading class sun/reflect/UnsafeBooleanFieldAccessorImpl done
Event: 19.356 loading class java/awt/KeyboardFocusManager$2
Event: 19.356 loading class java/awt/KeyboardFocusManager$2 done
Event: 19.357 loading class sun/awt/SunToolkit$1
Event: 19.357 loading class sun/awt/SunToolkit$1 done


Dynamic libraries:
0x00007ff67eaf0000 - 0x00007ff67eb27000 	C:\Program Files\Java\jre1.8.0_91\bin\javaw.exe
0x00007ffb49cd0000 - 0x00007ffb49e7d000 	C:\Windows\SYSTEM32\ntdll.dll
0x00007ffb47d60000 - 0x00007ffb47e9e000 	C:\Windows\system32\KERNEL32.DLL
0x00007ffb46ec0000 - 0x00007ffb46fd5000 	C:\Windows\system32\KERNELBASE.dll
0x00007ffb459c0000 - 0x00007ffb45a4e000 	C:\Windows\system32\apphelp.dll
0x00007ffb40d30000 - 0x00007ffb40d83000 	C:\Windows\AppPatch\AppPatch64\AcGenral.DLL
0x00007ffb48130000 - 0x00007ffb481da000 	C:\Windows\system32\msvcrt.dll
0x00007ffb471c0000 - 0x00007ffb471ee000 	C:\Windows\system32\SspiCli.dll
0x00007ffb47ae0000 - 0x00007ffb47b34000 	C:\Windows\system32\SHLWAPI.dll
0x00007ffb49820000 - 0x00007ffb49997000 	C:\Windows\system32\USER32.dll
0x00007ffb474a0000 - 0x00007ffb47634000 	C:\Windows\system32\ole32.dll
0x00007ffb48240000 - 0x00007ffb49768000 	C:\Windows\system32\SHELL32.dll
0x00007ffb463c0000 - 0x00007ffb463e1000 	C:\Windows\SYSTEM32\USERENV.dll
0x00007ffb49770000 - 0x00007ffb4981a000 	C:\Windows\system32\ADVAPI32.dll
0x00007ffb39870000 - 0x00007ffb3988e000 	C:\Windows\SYSTEM32\MPR.dll
0x00007ffb478f0000 - 0x00007ffb47a30000 	C:\Windows\system32\RPCRT4.dll
0x00007ffb481e0000 - 0x00007ffb48239000 	C:\Windows\SYSTEM32\sechost.dll
0x00007ffb49a90000 - 0x00007ffb49ca1000 	C:\Windows\SYSTEM32\combase.dll
0x00007ffb47350000 - 0x00007ffb4749f000 	C:\Windows\system32\GDI32.dll
0x00007ffb46df0000 - 0x00007ffb46e05000 	C:\Windows\SYSTEM32\profapi.dll
0x00007ffb45390000 - 0x00007ffb45442000 	C:\Windows\SYSTEM32\SHCORE.dll
0x00007ffb47a30000 - 0x00007ffb47a66000 	C:\Windows\system32\IMM32.DLL
0x00007ffb47b40000 - 0x00007ffb47c92000 	C:\Windows\system32\MSCTF.dll
0x00007ffb44a70000 - 0x00007ffb44ceb000 	C:\Windows\WinSxS\amd64_microsoft.windows.common-controls_6595b64144ccf1df_6.0.9600.18006_none_623f33d3ecbe86e8\COMCTL32.dll
0x0000000074890000 - 0x0000000074962000 	C:\Program Files\Java\jre1.8.0_91\bin\msvcr100.dll
0x0000000073f20000 - 0x00000000747b3000 	C:\Program Files\Java\jre1.8.0_91\bin\server\jvm.dll
0x00007ffb3f8c0000 - 0x00007ffb3f8c9000 	C:\Windows\SYSTEM32\WSOCK32.dll
0x00007ffb448c0000 - 0x00007ffb448e2000 	C:\Windows\SYSTEM32\WINMM.dll
0x00007ffb448f0000 - 0x00007ffb448fa000 	C:\Windows\SYSTEM32\VERSION.dll
0x00007ffb47700000 - 0x00007ffb47707000 	C:\Windows\system32\PSAPI.DLL
0x00007ffb47ca0000 - 0x00007ffb47cfa000 	C:\Windows\system32\WS2_32.dll
0x00007ffb44890000 - 0x00007ffb448ba000 	C:\Windows\SYSTEM32\WINMMBASE.dll
0x00007ffb49a80000 - 0x00007ffb49a89000 	C:\Windows\system32\NSI.dll
0x00007ffb47300000 - 0x00007ffb4734f000 	C:\Windows\SYSTEM32\cfgmgr32.dll
0x00007ffb45c10000 - 0x00007ffb45c38000 	C:\Windows\SYSTEM32\DEVOBJ.dll
0x0000000074fa0000 - 0x0000000074faf000 	C:\Program Files\Java\jre1.8.0_91\bin\verify.dll
0x0000000074f70000 - 0x0000000074f99000 	C:\Program Files\Java\jre1.8.0_91\bin\java.dll
0x0000000074f50000 - 0x0000000074f66000 	C:\Program Files\Java\jre1.8.0_91\bin\zip.dll
0x0000000073d10000 - 0x0000000073ea8000 	C:\Program Files\Java\jre1.8.0_91\bin\awt.dll
0x00007ffb48060000 - 0x00007ffb48126000 	C:\Windows\system32\OLEAUT32.dll
0x00007ffb45190000 - 0x00007ffb451b1000 	C:\Windows\system32\DWMAPI.DLL
0x00007ffb45ae0000 - 0x00007ffb45c09000 	C:\Windows\system32\uxtheme.dll
0x00007ffb45c60000 - 0x00007ffb45c6b000 	C:\Windows\SYSTEM32\kernel.appcore.dll
0x00007ffb46c60000 - 0x00007ffb46c6b000 	C:\Windows\SYSTEM32\CRYPTBASE.dll
0x00007ffb46bf0000 - 0x00007ffb46c53000 	C:\Windows\SYSTEM32\bcryptPrimitives.dll
0x00007ffb36790000 - 0x00007ffb369b1000 	C:\Windows\system32\d3d9.dll
0x00007ffb44900000 - 0x00007ffb44a6f000 	C:\Windows\SYSTEM32\aticfx64.dll
0x00007ffb41060000 - 0x00007ffb41081000 	C:\Windows\SYSTEM32\atiu9p64.dll
0x00007ffb1e750000 - 0x00007ffb1f1ab000 	C:\Windows\SYSTEM32\atiumd64.dll
0x0000000073460000 - 0x0000000073d04000 	C:\Windows\SYSTEM32\atiumd6a.dll
0x00007ffb46d90000 - 0x00007ffb46dd6000 	C:\Windows\SYSTEM32\POWRPROF.dll
0x0000000074840000 - 0x0000000074887000 	C:\Program Files\Java\jre1.8.0_91\bin\fontmanager.dll
0x0000000073f00000 - 0x0000000073f1a000 	C:\Program Files\Java\jre1.8.0_91\bin\net.dll
0x00007ffb46630000 - 0x00007ffb46689000 	C:\Windows\system32\mswsock.dll
0x0000000073ee0000 - 0x0000000073ef1000 	C:\Program Files\Java\jre1.8.0_91\bin\nio.dll
0x00007ffb499a0000 - 0x00007ffb49a56000 	C:\Windows\SYSTEM32\clbcatq.dll
0x00000000747f0000 - 0x0000000074832000 	C:\Program Files\Java\jre1.8.0_91\bin\t2k.dll

VM Arguments:
jvm_args: -Dfile.encoding=Cp1252 
java_command: tetris.GameBoard
java_class_path (initial): C:\Users\edwardkuria\workspace\Tetris Game\bin
Launcher Type: SUN_STANDARD

Environment Variables:
PATH=C:/Program Files/Java/jre1.8.0_91/bin/server;C:/Program Files/Java/jre1.8.0_91/bin;C:/Program Files/Java/jre1.8.0_91/lib/amd64;C:\ProgramData\Oracle\Java\javapath;C:\cygwin64\bin;C:\Program Files (x86)\GtkSharp\2.12\bin;C:\Program Files (x86)\MySQL\MySQL Utilities 1.3.5\;C:\Program Files\Java\jdk1.8.0_91\bin;C:\Users\edwardkuria\Downloads\Compressed\eclipse-jee-mars-2-win32-x86_64\eclipse;
USERNAME=edwardkuria
OS=Windows_NT
PROCESSOR_IDENTIFIER=AMD64 Family 22 Model 0 Stepping 1, AuthenticAMD



---------------  S Y S T E M  ---------------

OS: Windows 8.1 , 64 bit Build 9600 (6.3.9600.17415)

CPU:total 2 (2 cores per cpu, 1 threads per core) family 22 model 0 stepping 1, cmov, cx8, fxsr, mmx, sse, sse2, sse3, ssse3, sse4.1, sse4.2, popcnt, avx, aes, clmul, mmxext, 3dnowpref, lzcnt, sse4a, tsc, tscinvbit, tscinv, bmi1

Memory: 4k page, physical 3639372k(856992k free), swap 14649420k(5012k free)

vm_info: Java HotSpot(TM) 64-Bit Server VM (25.91-b14) for windows-amd64 JRE (1.8.0_91-b14), built on Apr  1 2016 00:58:32 by "java_re" with MS VC++ 10.0 (VS2010)

time: Wed Mar 15 01:14:18 2017
elapsed time: 288 seconds (0d 0h 4m 48s)

